<?xml version="1.0" ?>
<coverage branch-rate="0" branches-covered="0" branches-valid="0" complexity="0" line-rate="0.9713" lines-covered="1254" lines-valid="1291" timestamp="1560897627809" version="4.5.3">
	<!-- Generated by coverage.py: https://coverage.readthedocs.io -->
	<!-- Based on https://raw.githubusercontent.com/cobertura/web/master/htdocs/xml/coverage-04.dtd -->
	<sources>
		<source>/home/ankostis/Dropbox/JRC/pandalone.git</source>
	</sources>
	<packages>
		<package branch-rate="0" complexity="0" line-rate="0.9638" name="pandalone">
			<classes>
				<class branch-rate="0" complexity="0" filename="pandalone/components.py" line-rate="0.9857" name="components.py">
					<methods/>
					<lines>
						<line hits="1" number="8"/>
						<line hits="1" number="36"/>
						<line hits="1" number="37"/>
						<line hits="1" number="38"/>
						<line hits="1" number="40"/>
						<line hits="1" number="43"/>
						<line hits="1" number="45"/>
						<line hits="1" number="48"/>
						<line hits="1" number="51"/>
						<line hits="1" number="70"/>
						<line hits="1" number="72"/>
						<line hits="1" number="73"/>
						<line hits="0" number="74"/>
						<line hits="1" number="75"/>
						<line hits="1" number="76"/>
						<line hits="1" number="77"/>
						<line hits="1" number="79"/>
						<line hits="1" number="81"/>
						<line hits="1" number="83"/>
						<line hits="1" number="84"/>
						<line hits="1" number="86"/>
						<line hits="1" number="88"/>
						<line hits="1" number="105"/>
						<line hits="1" number="180"/>
						<line hits="1" number="181"/>
						<line hits="1" number="182"/>
						<line hits="1" number="183"/>
						<line hits="1" number="184"/>
						<line hits="1" number="185"/>
						<line hits="1" number="186"/>
						<line hits="1" number="187"/>
						<line hits="1" number="196"/>
						<line hits="1" number="197"/>
						<line hits="1" number="199"/>
						<line hits="1" number="200"/>
						<line hits="1" number="202"/>
						<line hits="1" number="204"/>
						<line hits="1" number="205"/>
						<line hits="1" number="206"/>
						<line hits="1" number="207"/>
						<line hits="1" number="209"/>
						<line hits="1" number="211"/>
						<line hits="1" number="212"/>
						<line hits="1" number="213"/>
						<line hits="1" number="214"/>
						<line hits="1" number="216"/>
						<line hits="1" number="218"/>
						<line hits="1" number="219"/>
						<line hits="1" number="220"/>
						<line hits="1" number="221"/>
						<line hits="1" number="222"/>
						<line hits="1" number="223"/>
						<line hits="1" number="225"/>
						<line hits="1" number="227"/>
						<line hits="1" number="228"/>
						<line hits="1" number="231"/>
						<line hits="1" number="261"/>
						<line hits="1" number="262"/>
						<line hits="1" number="263"/>
						<line hits="1" number="265"/>
						<line hits="1" number="266"/>
						<line hits="1" number="268"/>
						<line hits="1" number="269"/>
						<line hits="1" number="270"/>
						<line hits="1" number="271"/>
						<line hits="1" number="272"/>
						<line hits="1" number="273"/>
						<line hits="1" number="274"/>
						<line hits="1" number="275"/>
						<line hits="1" number="276"/>
					</lines>
				</class>
				<class branch-rate="0" complexity="0" filename="pandalone/mappings.py" line-rate="0.9911" name="mappings.py">
					<methods/>
					<lines>
						<line hits="1" number="8"/>
						<line hits="1" number="35"/>
						<line hits="1" number="36"/>
						<line hits="1" number="37"/>
						<line hits="1" number="38"/>
						<line hits="1" number="40"/>
						<line hits="1" number="41"/>
						<line hits="1" number="42"/>
						<line hits="1" number="50"/>
						<line hits="1" number="52"/>
						<line hits="1" number="55"/>
						<line hits="1" number="145"/>
						<line hits="1" number="147"/>
						<line hits="1" number="155"/>
						<line hits="1" number="156"/>
						<line hits="1" number="157"/>
						<line hits="1" number="158"/>
						<line hits="1" number="160"/>
						<line hits="1" number="162"/>
						<line hits="1" number="170"/>
						<line hits="1" number="172"/>
						<line hits="1" number="179"/>
						<line hits="1" number="180"/>
						<line hits="1" number="181"/>
						<line hits="1" number="182"/>
						<line hits="1" number="184"/>
						<line hits="1" number="185"/>
						<line hits="1" number="186"/>
						<line hits="1" number="188"/>
						<line hits="1" number="190"/>
						<line hits="1" number="196"/>
						<line hits="1" number="197"/>
						<line hits="1" number="198"/>
						<line hits="1" number="199"/>
						<line hits="1" number="200"/>
						<line hits="1" number="202"/>
						<line hits="1" number="203"/>
						<line hits="1" number="205"/>
						<line hits="1" number="206"/>
						<line hits="1" number="207"/>
						<line hits="1" number="208"/>
						<line hits="1" number="210"/>
						<line hits="1" number="212"/>
						<line hits="1" number="219"/>
						<line hits="1" number="220"/>
						<line hits="1" number="221"/>
						<line hits="1" number="222"/>
						<line hits="1" number="226"/>
						<line hits="1" number="227"/>
						<line hits="1" number="228"/>
						<line hits="1" number="229"/>
						<line hits="1" number="230"/>
						<line hits="1" number="231"/>
						<line hits="1" number="232"/>
						<line hits="1" number="235"/>
						<line hits="1" number="237"/>
						<line hits="1" number="253"/>
						<line hits="1" number="254"/>
						<line hits="1" number="255"/>
						<line hits="1" number="256"/>
						<line hits="1" number="261"/>
						<line hits="1" number="262"/>
						<line hits="1" number="263"/>
						<line hits="1" number="264"/>
						<line hits="1" number="265"/>
						<line hits="1" number="267"/>
						<line hits="1" number="268"/>
						<line hits="1" number="270"/>
						<line hits="1" number="271"/>
						<line hits="1" number="277"/>
						<line hits="1" number="280"/>
						<line hits="1" number="282"/>
						<line hits="1" number="328"/>
						<line hits="1" number="329"/>
						<line hits="1" number="330"/>
						<line hits="1" number="331"/>
						<line hits="1" number="332"/>
						<line hits="1" number="334"/>
						<line hits="1" number="336"/>
						<line hits="1" number="339"/>
						<line hits="1" number="348"/>
						<line hits="1" number="410"/>
						<line hits="1" number="412"/>
						<line hits="1" number="413"/>
						<line hits="1" number="415"/>
						<line hits="1" number="416"/>
						<line hits="1" number="418"/>
						<line hits="1" number="419"/>
						<line hits="1" number="420"/>
						<line hits="1" number="421"/>
						<line hits="1" number="422"/>
						<line hits="1" number="423"/>
						<line hits="1" number="424"/>
						<line hits="1" number="426"/>
						<line hits="1" number="427"/>
						<line hits="1" number="428"/>
						<line hits="1" number="430"/>
						<line hits="1" number="436"/>
						<line hits="1" number="437"/>
						<line hits="1" number="438"/>
						<line hits="1" number="440"/>
						<line hits="1" number="442"/>
						<line hits="1" number="443"/>
						<line hits="1" number="444"/>
						<line hits="1" number="446"/>
						<line hits="1" number="520"/>
						<line hits="1" number="521"/>
						<line hits="1" number="522"/>
						<line hits="1" number="524"/>
						<line hits="1" number="525"/>
						<line hits="1" number="526"/>
						<line hits="1" number="528"/>
						<line hits="1" number="530"/>
						<line hits="1" number="531"/>
						<line hits="1" number="535"/>
						<line hits="1" number="536"/>
						<line hits="1" number="537"/>
						<line hits="1" number="538"/>
						<line hits="1" number="539"/>
						<line hits="1" number="540"/>
						<line hits="1" number="541"/>
						<line hits="1" number="543"/>
						<line hits="1" number="544"/>
						<line hits="1" number="545"/>
						<line hits="1" number="547"/>
						<line hits="1" number="548"/>
						<line hits="1" number="549"/>
						<line hits="1" number="550"/>
						<line hits="1" number="551"/>
						<line hits="1" number="552"/>
						<line hits="1" number="553"/>
						<line hits="1" number="555"/>
						<line hits="1" number="556"/>
						<line hits="1" number="557"/>
						<line hits="1" number="558"/>
						<line hits="1" number="560"/>
						<line hits="1" number="562"/>
						<line hits="1" number="563"/>
						<line hits="1" number="565"/>
						<line hits="1" number="567"/>
						<line hits="1" number="568"/>
						<line hits="1" number="570"/>
						<line hits="1" number="571"/>
						<line hits="1" number="575"/>
						<line hits="1" number="576"/>
						<line hits="1" number="578"/>
						<line hits="1" number="579"/>
						<line hits="1" number="580"/>
						<line hits="1" number="585"/>
						<line hits="1" number="586"/>
						<line hits="1" number="589"/>
						<line hits="1" number="666"/>
						<line hits="1" number="667"/>
						<line hits="1" number="668"/>
						<line hits="1" number="669"/>
						<line hits="1" number="670"/>
						<line hits="1" number="671"/>
						<line hits="1" number="673"/>
						<line hits="1" number="674"/>
						<line hits="1" number="675"/>
						<line hits="1" number="676"/>
						<line hits="1" number="677"/>
						<line hits="1" number="679"/>
						<line hits="1" number="681"/>
						<line hits="1" number="683"/>
						<line hits="1" number="686"/>
						<line hits="1" number="758"/>
						<line hits="1" number="759"/>
						<line hits="1" number="761"/>
						<line hits="1" number="762"/>
						<line hits="1" number="764"/>
						<line hits="1" number="775"/>
						<line hits="1" number="776"/>
						<line hits="1" number="777"/>
						<line hits="1" number="778"/>
						<line hits="1" number="779"/>
						<line hits="1" number="780"/>
						<line hits="1" number="781"/>
						<line hits="1" number="782"/>
						<line hits="1" number="784"/>
						<line hits="1" number="786"/>
						<line hits="1" number="789"/>
						<line hits="1" number="863"/>
						<line hits="1" number="864"/>
						<line hits="1" number="865"/>
						<line hits="1" number="867"/>
						<line hits="1" number="870"/>
						<line hits="1" number="876"/>
						<line hits="1" number="878"/>
						<line hits="1" number="879"/>
						<line hits="1" number="880"/>
						<line hits="1" number="881"/>
						<line hits="1" number="882"/>
						<line hits="1" number="883"/>
						<line hits="1" number="884"/>
						<line hits="1" number="885"/>
						<line hits="1" number="888"/>
						<line hits="1" number="998"/>
						<line hits="1" number="999"/>
						<line hits="1" number="1000"/>
						<line hits="1" number="1002"/>
						<line hits="1" number="1004"/>
						<line hits="0" number="1005"/>
						<line hits="1" number="1006"/>
						<line hits="1" number="1007"/>
						<line hits="1" number="1008"/>
						<line hits="1" number="1010"/>
						<line hits="1" number="1046"/>
						<line hits="1" number="1047"/>
						<line hits="1" number="1048"/>
						<line hits="1" number="1049"/>
						<line hits="1" number="1050"/>
						<line hits="1" number="1051"/>
						<line hits="1" number="1053"/>
						<line hits="1" number="1055"/>
						<line hits="1" number="1058"/>
						<line hits="1" number="1059"/>
						<line hits="1" number="1060"/>
						<line hits="1" number="1061"/>
						<line hits="1" number="1062"/>
						<line hits="1" number="1070"/>
						<line hits="1" number="1072"/>
						<line hits="1" number="1073"/>
						<line hits="1" number="1074"/>
						<line hits="1" number="1075"/>
						<line hits="1" number="1077"/>
						<line hits="1" number="1078"/>
						<line hits="1" number="1081"/>
						<line hits="1" number="1082"/>
						<line hits="1" number="1083"/>
						<line hits="1" number="1084"/>
						<line hits="1" number="1086"/>
						<line hits="1" number="1087"/>
						<line hits="1" number="1089"/>
						<line hits="1" number="1091"/>
						<line hits="1" number="1092"/>
						<line hits="1" number="1093"/>
						<line hits="1" number="1094"/>
						<line hits="1" number="1095"/>
						<line hits="1" number="1096"/>
						<line hits="1" number="1097"/>
						<line hits="1" number="1098"/>
						<line hits="1" number="1099"/>
						<line hits="1" number="1101"/>
						<line hits="1" number="1102"/>
						<line hits="1" number="1103"/>
						<line hits="1" number="1104"/>
						<line hits="1" number="1105"/>
						<line hits="1" number="1106"/>
						<line hits="1" number="1107"/>
						<line hits="1" number="1109"/>
						<line hits="1" number="1111"/>
						<line hits="0" number="1112"/>
						<line hits="1" number="1113"/>
						<line hits="1" number="1114"/>
						<line hits="1" number="1115"/>
						<line hits="1" number="1117"/>
						<line hits="1" number="1118"/>
						<line hits="1" number="1119"/>
						<line hits="1" number="1121"/>
						<line hits="1" number="1122"/>
						<line hits="1" number="1124"/>
						<line hits="1" number="1135"/>
						<line hits="1" number="1137"/>
						<line hits="1" number="1139"/>
						<line hits="1" number="1140"/>
						<line hits="1" number="1143"/>
						<line hits="1" number="1144"/>
						<line hits="1" number="1145"/>
						<line hits="1" number="1147"/>
						<line hits="1" number="1153"/>
						<line hits="1" number="1154"/>
						<line hits="1" number="1156"/>
						<line hits="1" number="1162"/>
						<line hits="1" number="1163"/>
						<line hits="1" number="1165"/>
						<line hits="1" number="1170"/>
						<line hits="1" number="1171"/>
						<line hits="1" number="1172"/>
						<line hits="1" number="1174"/>
						<line hits="1" number="1176"/>
						<line hits="1" number="1178"/>
						<line hits="1" number="1183"/>
						<line hits="1" number="1184"/>
						<line hits="1" number="1185"/>
						<line hits="1" number="1187"/>
						<line hits="1" number="1189"/>
						<line hits="1" number="1190"/>
						<line hits="1" number="1191"/>
						<line hits="0" number="1192"/>
						<line hits="1" number="1193"/>
						<line hits="1" number="1194"/>
						<line hits="1" number="1195"/>
						<line hits="1" number="1197"/>
						<line hits="1" number="1233"/>
						<line hits="1" number="1234"/>
						<line hits="1" number="1235"/>
						<line hits="1" number="1237"/>
						<line hits="1" number="1238"/>
						<line hits="1" number="1239"/>
						<line hits="1" number="1240"/>
						<line hits="1" number="1241"/>
						<line hits="1" number="1242"/>
						<line hits="1" number="1243"/>
						<line hits="1" number="1245"/>
						<line hits="1" number="1247"/>
						<line hits="1" number="1256"/>
						<line hits="1" number="1257"/>
						<line hits="1" number="1259"/>
						<line hits="1" number="1262"/>
						<line hits="1" number="1264"/>
						<line hits="1" number="1272"/>
						<line hits="1" number="1273"/>
						<line hits="1" number="1275"/>
						<line hits="1" number="1276"/>
						<line hits="1" number="1277"/>
						<line hits="1" number="1278"/>
						<line hits="1" number="1279"/>
						<line hits="1" number="1281"/>
						<line hits="1" number="1288"/>
						<line hits="1" number="1289"/>
						<line hits="1" number="1290"/>
						<line hits="1" number="1291"/>
						<line hits="1" number="1293"/>
						<line hits="1" number="1295"/>
						<line hits="1" number="1297"/>
						<line hits="1" number="1300"/>
						<line hits="1" number="1317"/>
						<line hits="1" number="1318"/>
						<line hits="1" number="1319"/>
						<line hits="1" number="1320"/>
						<line hits="1" number="1321"/>
						<line hits="1" number="1322"/>
						<line hits="1" number="1323"/>
						<line hits="1" number="1324"/>
						<line hits="1" number="1326"/>
					</lines>
				</class>
				<class branch-rate="0" complexity="0" filename="pandalone/pandata.py" line-rate="0.9348" name="pandata.py">
					<methods/>
					<lines>
						<line hits="1" number="9"/>
						<line hits="1" number="14"/>
						<line hits="1" number="15"/>
						<line hits="1" number="16"/>
						<line hits="1" number="17"/>
						<line hits="1" number="18"/>
						<line hits="1" number="19"/>
						<line hits="1" number="20"/>
						<line hits="1" number="21"/>
						<line hits="1" number="22"/>
						<line hits="1" number="23"/>
						<line hits="1" number="24"/>
						<line hits="1" number="27"/>
						<line hits="1" number="28"/>
						<line hits="1" number="29"/>
						<line hits="1" number="30"/>
						<line hits="1" number="31"/>
						<line hits="1" number="32"/>
						<line hits="1" number="34"/>
						<line hits="1" number="36"/>
						<line hits="1" number="52"/>
						<line hits="1" number="56"/>
						<line hits="1" number="59"/>
						<line hits="1" number="93"/>
						<line hits="1" number="94"/>
						<line hits="1" number="95"/>
						<line hits="1" number="96"/>
						<line hits="1" number="97"/>
						<line hits="1" number="98"/>
						<line hits="1" number="99"/>
						<line hits="1" number="102"/>
						<line hits="1" number="108"/>
						<line hits="1" number="137"/>
						<line hits="1" number="139"/>
						<line hits="0" number="140"/>
						<line hits="1" number="142"/>
						<line hits="0" number="143"/>
						<line hits="1" number="146"/>
						<line hits="1" number="147"/>
						<line hits="1" number="148"/>
						<line hits="1" number="151"/>
						<line hits="1" number="152"/>
						<line hits="1" number="153"/>
						<line hits="1" number="157"/>
						<line hits="1" number="158"/>
						<line hits="1" number="161"/>
						<line hits="1" number="162"/>
						<line hits="1" number="165"/>
						<line hits="1" number="166"/>
						<line hits="1" number="169"/>
						<line hits="1" number="171"/>
						<line hits="1" number="172"/>
						<line hits="1" number="173"/>
						<line hits="1" number="176"/>
						<line hits="1" number="177"/>
						<line hits="1" number="178"/>
						<line hits="1" number="179"/>
						<line hits="1" number="180"/>
						<line hits="1" number="183"/>
						<line hits="1" number="194"/>
						<line hits="1" number="195"/>
						<line hits="1" number="196"/>
						<line hits="1" number="197"/>
						<line hits="1" number="198"/>
						<line hits="1" number="199"/>
						<line hits="1" number="200"/>
						<line hits="1" number="203"/>
						<line hits="1" number="204"/>
						<line hits="0" number="205"/>
						<line hits="1" number="207"/>
						<line hits="1" number="209"/>
						<line hits="1" number="210"/>
						<line hits="1" number="211"/>
						<line hits="1" number="212"/>
						<line hits="1" number="213"/>
						<line hits="1" number="214"/>
						<line hits="0" number="215"/>
						<line hits="0" number="216"/>
						<line hits="0" number="217"/>
						<line hits="0" number="219"/>
						<line hits="0" number="220"/>
						<line hits="0" number="225"/>
						<line hits="1" number="227"/>
						<line hits="1" number="229"/>
						<line hits="1" number="230"/>
						<line hits="1" number="233"/>
						<line hits="0" number="234"/>
						<line hits="0" number="235"/>
						<line hits="0" number="237"/>
						<line hits="0" number="238"/>
						<line hits="1" number="239"/>
						<line hits="1" number="242"/>
						<line hits="1" number="337"/>
						<line hits="1" number="339"/>
						<line hits="1" number="340"/>
						<line hits="1" number="341"/>
						<line hits="1" number="343"/>
						<line hits="1" number="357"/>
						<line hits="1" number="360"/>
						<line hits="1" number="647"/>
						<line hits="1" number="649"/>
						<line hits="1" number="655"/>
						<line hits="1" number="656"/>
						<line hits="1" number="657"/>
						<line hits="1" number="658"/>
						<line hits="1" number="659"/>
						<line hits="1" number="660"/>
						<line hits="1" number="662"/>
						<line hits="0" number="673"/>
						<line hits="1" number="674"/>
						<line hits="1" number="678"/>
						<line hits="1" number="679"/>
						<line hits="1" number="681"/>
						<line hits="1" number="686"/>
						<line hits="1" number="688"/>
						<line hits="1" number="690"/>
						<line hits="1" number="691"/>
						<line hits="1" number="693"/>
						<line hits="1" number="702"/>
						<line hits="1" number="704"/>
						<line hits="1" number="708"/>
						<line hits="1" number="710"/>
						<line hits="1" number="714"/>
						<line hits="1" number="716"/>
						<line hits="1" number="722"/>
						<line hits="1" number="724"/>
						<line hits="0" number="725"/>
						<line hits="1" number="726"/>
						<line hits="0" number="727"/>
						<line hits="0" number="728"/>
						<line hits="1" number="729"/>
						<line hits="0" number="730"/>
						<line hits="0" number="731"/>
						<line hits="1" number="732"/>
						<line hits="0" number="734"/>
						<line hits="0" number="735"/>
						<line hits="0" number="736"/>
						<line hits="0" number="737"/>
						<line hits="0" number="738"/>
						<line hits="1" number="739"/>
						<line hits="1" number="740"/>
						<line hits="1" number="742"/>
						<line hits="1" number="743"/>
						<line hits="1" number="748"/>
						<line hits="1" number="749"/>
						<line hits="1" number="750"/>
						<line hits="1" number="752"/>
						<line hits="1" number="753"/>
						<line hits="1" number="755"/>
						<line hits="1" number="756"/>
						<line hits="1" number="757"/>
						<line hits="1" number="758"/>
						<line hits="1" number="759"/>
						<line hits="1" number="761"/>
						<line hits="1" number="764"/>
						<line hits="1" number="765"/>
						<line hits="1" number="766"/>
						<line hits="1" number="768"/>
						<line hits="1" number="769"/>
						<line hits="1" number="770"/>
						<line hits="1" number="772"/>
						<line hits="1" number="773"/>
						<line hits="1" number="774"/>
						<line hits="1" number="776"/>
						<line hits="1" number="778"/>
						<line hits="1" number="779"/>
						<line hits="1" number="780"/>
						<line hits="1" number="782"/>
						<line hits="1" number="783"/>
						<line hits="1" number="784"/>
						<line hits="1" number="785"/>
						<line hits="1" number="789"/>
						<line hits="1" number="790"/>
						<line hits="1" number="792"/>
						<line hits="1" number="795"/>
						<line hits="1" number="796"/>
						<line hits="1" number="798"/>
						<line hits="1" number="800"/>
						<line hits="1" number="801"/>
						<line hits="1" number="802"/>
						<line hits="1" number="805"/>
						<line hits="1" number="807"/>
						<line hits="1" number="808"/>
						<line hits="1" number="811"/>
						<line hits="1" number="812"/>
						<line hits="1" number="814"/>
						<line hits="1" number="816"/>
						<line hits="1" number="821"/>
						<line hits="1" number="823"/>
						<line hits="1" number="824"/>
						<line hits="1" number="825"/>
						<line hits="1" number="826"/>
						<line hits="1" number="828"/>
						<line hits="1" number="830"/>
						<line hits="1" number="831"/>
						<line hits="1" number="835"/>
						<line hits="1" number="837"/>
						<line hits="1" number="838"/>
						<line hits="1" number="839"/>
						<line hits="1" number="841"/>
						<line hits="1" number="845"/>
						<line hits="1" number="846"/>
						<line hits="1" number="848"/>
						<line hits="1" number="865"/>
						<line hits="1" number="866"/>
						<line hits="1" number="868"/>
						<line hits="1" number="870"/>
						<line hits="1" number="878"/>
						<line hits="1" number="884"/>
						<line hits="1" number="885"/>
						<line hits="1" number="887"/>
						<line hits="1" number="888"/>
						<line hits="1" number="889"/>
						<line hits="1" number="890"/>
						<line hits="1" number="891"/>
						<line hits="1" number="892"/>
						<line hits="1" number="893"/>
						<line hits="1" number="895"/>
						<line hits="1" number="896"/>
						<line hits="1" number="898"/>
						<line hits="1" number="901"/>
						<line hits="1" number="903"/>
						<line hits="1" number="905"/>
						<line hits="1" number="906"/>
						<line hits="1" number="910"/>
						<line hits="1" number="912"/>
						<line hits="1" number="919"/>
						<line hits="1" number="920"/>
						<line hits="1" number="921"/>
						<line hits="1" number="923"/>
						<line hits="1" number="925"/>
						<line hits="1" number="926"/>
						<line hits="1" number="929"/>
						<line hits="1" number="930"/>
						<line hits="1" number="933"/>
						<line hits="1" number="934"/>
						<line hits="1" number="937"/>
						<line hits="1" number="981"/>
						<line hits="1" number="982"/>
						<line hits="1" number="983"/>
						<line hits="1" number="984"/>
						<line hits="1" number="986"/>
						<line hits="1" number="987"/>
						<line hits="1" number="989"/>
						<line hits="1" number="992"/>
						<line hits="1" number="1019"/>
						<line hits="1" number="1020"/>
						<line hits="1" number="1023"/>
						<line hits="1" number="1026"/>
						<line hits="1" number="1058"/>
						<line hits="1" number="1059"/>
						<line hits="1" number="1061"/>
						<line hits="1" number="1062"/>
						<line hits="1" number="1063"/>
						<line hits="1" number="1064"/>
						<line hits="1" number="1065"/>
						<line hits="1" number="1066"/>
						<line hits="1" number="1067"/>
						<line hits="1" number="1068"/>
						<line hits="1" number="1069"/>
						<line hits="1" number="1073"/>
						<line hits="1" number="1075"/>
						<line hits="1" number="1078"/>
						<line hits="1" number="1114"/>
						<line hits="1" number="1115"/>
						<line hits="1" number="1116"/>
						<line hits="1" number="1117"/>
						<line hits="1" number="1119"/>
						<line hits="1" number="1125"/>
						<line hits="1" number="1126"/>
						<line hits="1" number="1127"/>
						<line hits="1" number="1128"/>
						<line hits="1" number="1129"/>
						<line hits="1" number="1130"/>
						<line hits="1" number="1131"/>
						<line hits="1" number="1132"/>
						<line hits="1" number="1134"/>
						<line hits="1" number="1135"/>
						<line hits="1" number="1136"/>
						<line hits="1" number="1138"/>
						<line hits="1" number="1141"/>
						<line hits="1" number="1150"/>
						<line hits="1" number="1154"/>
						<line hits="1" number="1155"/>
						<line hits="1" number="1156"/>
						<line hits="1" number="1157"/>
						<line hits="1" number="1160"/>
						<line hits="1" number="1161"/>
						<line hits="1" number="1162"/>
						<line hits="1" number="1164"/>
						<line hits="1" number="1165"/>
						<line hits="1" number="1166"/>
						<line hits="1" number="1167"/>
						<line hits="1" number="1172"/>
						<line hits="1" number="1173"/>
						<line hits="1" number="1177"/>
						<line hits="1" number="1178"/>
						<line hits="1" number="1179"/>
						<line hits="1" number="1180"/>
						<line hits="1" number="1181"/>
						<line hits="1" number="1182"/>
						<line hits="1" number="1183"/>
						<line hits="1" number="1184"/>
						<line hits="1" number="1185"/>
						<line hits="1" number="1187"/>
						<line hits="1" number="1189"/>
						<line hits="1" number="1193"/>
						<line hits="1" number="1194"/>
						<line hits="1" number="1195"/>
						<line hits="1" number="1196"/>
						<line hits="1" number="1197"/>
						<line hits="1" number="1200"/>
						<line hits="1" number="1201"/>
						<line hits="1" number="1204"/>
						<line hits="1" number="1205"/>
						<line hits="1" number="1217"/>
						<line hits="1" number="1219"/>
						<line hits="1" number="1221"/>
						<line hits="1" number="1222"/>
						<line hits="1" number="1223"/>
						<line hits="1" number="1224"/>
						<line hits="1" number="1225"/>
						<line hits="1" number="1226"/>
						<line hits="1" number="1228"/>
						<line hits="1" number="1229"/>
						<line hits="1" number="1230"/>
						<line hits="1" number="1231"/>
						<line hits="1" number="1233"/>
						<line hits="1" number="1235"/>
						<line hits="1" number="1236"/>
						<line hits="1" number="1238"/>
						<line hits="1" number="1241"/>
						<line hits="1" number="1245"/>
						<line hits="1" number="1258"/>
						<line hits="1" number="1259"/>
						<line hits="1" number="1260"/>
						<line hits="1" number="1261"/>
						<line hits="1" number="1262"/>
						<line hits="1" number="1263"/>
						<line hits="1" number="1264"/>
						<line hits="1" number="1265"/>
						<line hits="1" number="1266"/>
						<line hits="1" number="1267"/>
						<line hits="1" number="1268"/>
						<line hits="1" number="1269"/>
						<line hits="1" number="1270"/>
						<line hits="1" number="1271"/>
						<line hits="1" number="1272"/>
						<line hits="1" number="1274"/>
						<line hits="1" number="1275"/>
						<line hits="1" number="1278"/>
						<line hits="1" number="1306"/>
						<line hits="1" number="1307"/>
						<line hits="1" number="1308"/>
						<line hits="1" number="1310"/>
						<line hits="1" number="1311"/>
						<line hits="1" number="1312"/>
						<line hits="1" number="1313"/>
						<line hits="1" number="1314"/>
						<line hits="1" number="1315"/>
						<line hits="1" number="1317"/>
						<line hits="1" number="1318"/>
						<line hits="1" number="1319"/>
						<line hits="1" number="1320"/>
						<line hits="1" number="1321"/>
						<line hits="1" number="1326"/>
						<line hits="1" number="1327"/>
						<line hits="1" number="1328"/>
					</lines>
				</class>
			</classes>
		</package>
		<package branch-rate="0" complexity="0" line-rate="0.9971" name="pandalone.xleash">
			<classes>
				<class branch-rate="0" complexity="0" filename="pandalone/xleash/_capture.py" line-rate="1" name="_capture.py">
					<methods/>
					<lines>
						<line hits="1" number="8"/>
						<line hits="1" number="14"/>
						<line hits="1" number="15"/>
						<line hits="1" number="17"/>
						<line hits="1" number="19"/>
						<line hits="1" number="20"/>
						<line hits="1" number="23"/>
						<line hits="1" number="25"/>
						<line hits="1" number="26"/>
						<line hits="1" number="33"/>
						<line hits="1" number="37"/>
						<line hits="1" number="43"/>
						<line hits="1" number="45"/>
						<line hits="1" number="53"/>
						<line hits="1" number="72"/>
						<line hits="1" number="73"/>
						<line hits="1" number="74"/>
						<line hits="1" number="75"/>
						<line hits="1" number="76"/>
						<line hits="1" number="77"/>
						<line hits="1" number="78"/>
						<line hits="1" number="81"/>
						<line hits="1" number="108"/>
						<line hits="1" number="109"/>
						<line hits="1" number="110"/>
						<line hits="1" number="111"/>
						<line hits="1" number="112"/>
						<line hits="1" number="113"/>
						<line hits="1" number="115"/>
						<line hits="1" number="118"/>
						<line hits="1" number="157"/>
						<line hits="1" number="158"/>
						<line hits="1" number="159"/>
						<line hits="1" number="160"/>
						<line hits="1" number="161"/>
						<line hits="1" number="162"/>
						<line hits="1" number="164"/>
						<line hits="1" number="166"/>
						<line hits="1" number="167"/>
						<line hits="1" number="168"/>
						<line hits="1" number="169"/>
						<line hits="1" number="170"/>
						<line hits="1" number="172"/>
						<line hits="1" number="175"/>
						<line hits="1" number="261"/>
						<line hits="1" number="262"/>
						<line hits="1" number="263"/>
						<line hits="1" number="264"/>
						<line hits="1" number="265"/>
						<line hits="1" number="266"/>
						<line hits="1" number="268"/>
						<line hits="1" number="271"/>
						<line hits="1" number="272"/>
						<line hits="1" number="274"/>
						<line hits="1" number="275"/>
						<line hits="1" number="276"/>
						<line hits="1" number="277"/>
						<line hits="1" number="278"/>
						<line hits="1" number="279"/>
						<line hits="1" number="280"/>
						<line hits="1" number="283"/>
						<line hits="1" number="338"/>
						<line hits="1" number="339"/>
						<line hits="1" number="340"/>
						<line hits="1" number="341"/>
						<line hits="1" number="342"/>
						<line hits="1" number="343"/>
						<line hits="1" number="345"/>
						<line hits="1" number="346"/>
						<line hits="1" number="349"/>
						<line hits="1" number="353"/>
						<line hits="1" number="354"/>
						<line hits="1" number="355"/>
						<line hits="1" number="356"/>
						<line hits="1" number="357"/>
						<line hits="1" number="358"/>
						<line hits="1" number="361"/>
						<line hits="1" number="370"/>
						<line hits="1" number="372"/>
						<line hits="1" number="373"/>
						<line hits="1" number="374"/>
						<line hits="1" number="375"/>
						<line hits="1" number="377"/>
						<line hits="1" number="380"/>
						<line hits="1" number="433"/>
						<line hits="1" number="434"/>
						<line hits="1" number="436"/>
						<line hits="1" number="437"/>
						<line hits="1" number="439"/>
						<line hits="1" number="440"/>
						<line hits="1" number="441"/>
						<line hits="1" number="442"/>
						<line hits="1" number="447"/>
						<line hits="1" number="448"/>
						<line hits="1" number="449"/>
						<line hits="1" number="450"/>
						<line hits="1" number="453"/>
						<line hits="1" number="454"/>
						<line hits="1" number="455"/>
						<line hits="1" number="458"/>
						<line hits="1" number="459"/>
						<line hits="1" number="461"/>
						<line hits="1" number="462"/>
						<line hits="1" number="463"/>
						<line hits="1" number="465"/>
						<line hits="1" number="467"/>
						<line hits="1" number="468"/>
						<line hits="1" number="470"/>
						<line hits="1" number="472"/>
						<line hits="1" number="473"/>
						<line hits="1" number="476"/>
						<line hits="1" number="486"/>
						<line hits="1" number="489"/>
						<line hits="1" number="490"/>
						<line hits="1" number="492"/>
						<line hits="1" number="493"/>
						<line hits="1" number="494"/>
						<line hits="1" number="496"/>
						<line hits="1" number="499"/>
						<line hits="1" number="549"/>
						<line hits="1" number="550"/>
						<line hits="1" number="552"/>
						<line hits="1" number="553"/>
						<line hits="1" number="554"/>
						<line hits="1" number="555"/>
						<line hits="1" number="558"/>
						<line hits="1" number="560"/>
						<line hits="1" number="561"/>
						<line hits="1" number="562"/>
						<line hits="1" number="565"/>
						<line hits="1" number="575"/>
						<line hits="1" number="576"/>
						<line hits="1" number="577"/>
						<line hits="1" number="580"/>
						<line hits="1" number="625"/>
						<line hits="1" number="626"/>
						<line hits="1" number="628"/>
						<line hits="1" number="630"/>
						<line hits="1" number="631"/>
						<line hits="1" number="637"/>
						<line hits="1" number="646"/>
						<line hits="1" number="648"/>
						<line hits="1" number="649"/>
						<line hits="1" number="650"/>
						<line hits="1" number="651"/>
						<line hits="1" number="652"/>
						<line hits="1" number="653"/>
						<line hits="1" number="654"/>
						<line hits="1" number="655"/>
						<line hits="1" number="658"/>
						<line hits="1" number="659"/>
						<line hits="1" number="660"/>
						<line hits="1" number="661"/>
						<line hits="1" number="663"/>
						<line hits="1" number="666"/>
						<line hits="1" number="743"/>
						<line hits="1" number="744"/>
						<line hits="1" number="745"/>
						<line hits="1" number="747"/>
						<line hits="1" number="748"/>
						<line hits="1" number="749"/>
						<line hits="1" number="750"/>
						<line hits="1" number="751"/>
						<line hits="1" number="753"/>
						<line hits="1" number="754"/>
						<line hits="1" number="755"/>
						<line hits="1" number="756"/>
						<line hits="1" number="758"/>
						<line hits="1" number="760"/>
						<line hits="1" number="761"/>
						<line hits="1" number="763"/>
						<line hits="1" number="765"/>
						<line hits="1" number="766"/>
						<line hits="1" number="767"/>
						<line hits="1" number="768"/>
						<line hits="1" number="769"/>
						<line hits="1" number="771"/>
						<line hits="1" number="772"/>
						<line hits="1" number="773"/>
						<line hits="1" number="778"/>
						<line hits="1" number="780"/>
						<line hits="1" number="782"/>
						<line hits="1" number="783"/>
						<line hits="1" number="785"/>
						<line hits="1" number="786"/>
						<line hits="1" number="787"/>
						<line hits="1" number="789"/>
					</lines>
				</class>
				<class branch-rate="0" complexity="0" filename="pandalone/xleash/_parse.py" line-rate="0.9937" name="_parse.py">
					<methods/>
					<lines>
						<line hits="1" number="8"/>
						<line hits="1" number="16"/>
						<line hits="1" number="17"/>
						<line hits="1" number="18"/>
						<line hits="1" number="20"/>
						<line hits="1" number="22"/>
						<line hits="1" number="23"/>
						<line hits="1" number="26"/>
						<line hits="1" number="34"/>
						<line hits="1" number="36"/>
						<line hits="1" number="44"/>
						<line hits="1" number="45"/>
						<line hits="1" number="46"/>
						<line hits="1" number="47"/>
						<line hits="1" number="48"/>
						<line hits="1" number="49"/>
						<line hits="1" number="50"/>
						<line hits="1" number="51"/>
						<line hits="1" number="52"/>
						<line hits="1" number="54"/>
						<line hits="1" number="55"/>
						<line hits="1" number="56"/>
						<line hits="1" number="58"/>
						<line hits="1" number="59"/>
						<line hits="1" number="62"/>
						<line hits="1" number="66"/>
						<line hits="1" number="77"/>
						<line hits="1" number="79"/>
						<line hits="1" number="80"/>
						<line hits="1" number="82"/>
						<line hits="1" number="83"/>
						<line hits="1" number="93"/>
						<line hits="1" number="94"/>
						<line hits="1" number="97"/>
						<line hits="1" number="138"/>
						<line hits="1" number="139"/>
						<line hits="1" number="141"/>
						<line hits="1" number="144"/>
						<line hits="1" number="145"/>
						<line hits="1" number="193"/>
						<line hits="1" number="196"/>
						<line hits="1" number="205"/>
						<line hits="1" number="208"/>
						<line hits="1" number="211"/>
						<line hits="1" number="215"/>
						<line hits="1" number="234"/>
						<line hits="1" number="235"/>
						<line hits="1" number="237"/>
						<line hits="1" number="238"/>
						<line hits="1" number="239"/>
						<line hits="1" number="240"/>
						<line hits="1" number="241"/>
						<line hits="1" number="243"/>
						<line hits="1" number="244"/>
						<line hits="1" number="245"/>
						<line hits="1" number="246"/>
						<line hits="1" number="247"/>
						<line hits="1" number="248"/>
						<line hits="1" number="249"/>
						<line hits="1" number="250"/>
						<line hits="1" number="251"/>
						<line hits="1" number="253"/>
						<line hits="1" number="254"/>
						<line hits="1" number="256"/>
						<line hits="1" number="257"/>
						<line hits="1" number="258"/>
						<line hits="1" number="260"/>
						<line hits="1" number="261"/>
						<line hits="1" number="262"/>
						<line hits="1" number="263"/>
						<line hits="1" number="265"/>
						<line hits="1" number="266"/>
						<line hits="1" number="267"/>
						<line hits="1" number="268"/>
						<line hits="1" number="269"/>
						<line hits="1" number="270"/>
						<line hits="1" number="271"/>
						<line hits="1" number="273"/>
						<line hits="1" number="274"/>
						<line hits="1" number="275"/>
						<line hits="1" number="276"/>
						<line hits="1" number="277"/>
						<line hits="1" number="278"/>
						<line hits="1" number="279"/>
						<line hits="1" number="280"/>
						<line hits="1" number="281"/>
						<line hits="1" number="282"/>
						<line hits="1" number="283"/>
						<line hits="1" number="284"/>
						<line hits="1" number="285"/>
						<line hits="1" number="287"/>
						<line hits="1" number="290"/>
						<line hits="1" number="310"/>
						<line hits="1" number="311"/>
						<line hits="1" number="312"/>
						<line hits="1" number="313"/>
						<line hits="1" number="316"/>
						<line hits="1" number="349"/>
						<line hits="1" number="350"/>
						<line hits="1" number="352"/>
						<line hits="1" number="358"/>
						<line hits="1" number="359"/>
						<line hits="1" number="360"/>
						<line hits="1" number="363"/>
						<line hits="1" number="364"/>
						<line hits="1" number="365"/>
						<line hits="1" number="366"/>
						<line hits="1" number="375"/>
						<line hits="1" number="429"/>
						<line hits="1" number="430"/>
						<line hits="1" number="431"/>
						<line hits="1" number="433"/>
						<line hits="1" number="435"/>
						<line hits="1" number="436"/>
						<line hits="1" number="437"/>
						<line hits="1" number="438"/>
						<line hits="1" number="439"/>
						<line hits="1" number="440"/>
						<line hits="1" number="441"/>
						<line hits="1" number="443"/>
						<line hits="1" number="444"/>
						<line hits="1" number="446"/>
						<line hits="1" number="447"/>
						<line hits="1" number="448"/>
						<line hits="1" number="449"/>
						<line hits="1" number="450"/>
						<line hits="1" number="451"/>
						<line hits="1" number="452"/>
						<line hits="1" number="454"/>
						<line hits="1" number="455"/>
						<line hits="1" number="456"/>
						<line hits="1" number="457"/>
						<line hits="1" number="458"/>
						<line hits="1" number="459"/>
						<line hits="1" number="461"/>
						<line hits="1" number="464"/>
						<line hits="1" number="470"/>
						<line hits="1" number="471"/>
						<line hits="1" number="472"/>
						<line hits="1" number="473"/>
						<line hits="1" number="474"/>
						<line hits="0" number="475"/>
						<line hits="1" number="476"/>
						<line hits="1" number="478"/>
						<line hits="1" number="479"/>
						<line hits="1" number="480"/>
						<line hits="1" number="482"/>
						<line hits="1" number="484"/>
						<line hits="1" number="487"/>
						<line hits="1" number="544"/>
						<line hits="1" number="545"/>
						<line hits="1" number="546"/>
						<line hits="1" number="547"/>
						<line hits="1" number="548"/>
						<line hits="1" number="549"/>
						<line hits="1" number="550"/>
						<line hits="1" number="551"/>
						<line hits="1" number="553"/>
					</lines>
				</class>
			</classes>
		</package>
		<package branch-rate="0" complexity="0" line-rate="0.9535" name="pandalone.xleash.io">
			<classes>
				<class branch-rate="0" complexity="0" filename="pandalone/xleash/io/__init__.py" line-rate="1" name="__init__.py">
					<methods/>
					<lines>
						<line hits="1" number="8"/>
					</lines>
				</class>
				<class branch-rate="0" complexity="0" filename="pandalone/xleash/io/backend.py" line-rate="0.9532" name="backend.py">
					<methods/>
					<lines>
						<line hits="1" number="8"/>
						<line hits="1" number="16"/>
						<line hits="1" number="17"/>
						<line hits="1" number="19"/>
						<line hits="1" number="20"/>
						<line hits="1" number="22"/>
						<line hits="1" number="23"/>
						<line hits="1" number="26"/>
						<line hits="1" number="29"/>
						<line hits="1" number="41"/>
						<line hits="1" number="50"/>
						<line hits="1" number="55"/>
						<line hits="1" number="62"/>
						<line hits="1" number="70"/>
						<line hits="1" number="72"/>
						<line hits="1" number="77"/>
						<line hits="0" number="78"/>
						<line hits="0" number="79"/>
						<line hits="0" number="81"/>
						<line hits="0" number="83"/>
						<line hits="0" number="84"/>
						<line hits="0" number="86"/>
						<line hits="0" number="87"/>
						<line hits="1" number="89"/>
						<line hits="1" number="91"/>
						<line hits="1" number="92"/>
						<line hits="1" number="93"/>
						<line hits="1" number="94"/>
						<line hits="1" number="95"/>
						<line hits="1" number="100"/>
						<line hits="1" number="101"/>
						<line hits="1" number="103"/>
						<line hits="1" number="105"/>
						<line hits="1" number="106"/>
						<line hits="1" number="107"/>
						<line hits="1" number="108"/>
						<line hits="1" number="110"/>
						<line hits="1" number="111"/>
						<line hits="1" number="112"/>
						<line hits="1" number="113"/>
						<line hits="0" number="114"/>
						<line hits="1" number="115"/>
						<line hits="1" number="118"/>
						<line hits="1" number="134"/>
						<line hits="1" number="142"/>
						<line hits="1" number="143"/>
						<line hits="1" number="145"/>
						<line hits="1" number="146"/>
						<line hits="1" number="147"/>
						<line hits="1" number="148"/>
						<line hits="1" number="149"/>
						<line hits="1" number="151"/>
						<line hits="1" number="152"/>
						<line hits="1" number="153"/>
						<line hits="1" number="154"/>
						<line hits="1" number="156"/>
						<line hits="1" number="157"/>
						<line hits="1" number="159"/>
						<line hits="1" number="160"/>
						<line hits="1" number="161"/>
						<line hits="1" number="163"/>
						<line hits="1" number="172"/>
						<line hits="1" number="173"/>
						<line hits="1" number="174"/>
						<line hits="1" number="175"/>
						<line hits="1" number="177"/>
						<line hits="1" number="178"/>
						<line hits="1" number="179"/>
						<line hits="1" number="181"/>
						<line hits="1" number="183"/>
						<line hits="1" number="184"/>
						<line hits="1" number="185"/>
						<line hits="1" number="186"/>
						<line hits="1" number="187"/>
						<line hits="1" number="188"/>
						<line hits="1" number="189"/>
						<line hits="1" number="190"/>
						<line hits="1" number="192"/>
						<line hits="1" number="194"/>
						<line hits="1" number="195"/>
						<line hits="1" number="196"/>
						<line hits="1" number="197"/>
						<line hits="1" number="199"/>
						<line hits="1" number="208"/>
						<line hits="1" number="209"/>
						<line hits="1" number="210"/>
						<line hits="1" number="211"/>
						<line hits="1" number="212"/>
						<line hits="1" number="213"/>
						<line hits="1" number="214"/>
						<line hits="1" number="216"/>
						<line hits="1" number="221"/>
						<line hits="1" number="222"/>
						<line hits="1" number="223"/>
						<line hits="1" number="225"/>
						<line hits="1" number="227"/>
						<line hits="1" number="228"/>
						<line hits="1" number="230"/>
						<line hits="1" number="231"/>
						<line hits="1" number="232"/>
						<line hits="1" number="234"/>
						<line hits="1" number="235"/>
						<line hits="1" number="236"/>
						<line hits="1" number="238"/>
						<line hits="1" number="239"/>
						<line hits="1" number="240"/>
						<line hits="1" number="241"/>
						<line hits="1" number="242"/>
						<line hits="1" number="244"/>
						<line hits="1" number="245"/>
						<line hits="1" number="247"/>
						<line hits="1" number="248"/>
						<line hits="1" number="250"/>
						<line hits="1" number="251"/>
						<line hits="1" number="254"/>
						<line hits="1" number="292"/>
						<line hits="1" number="293"/>
						<line hits="1" number="294"/>
						<line hits="1" number="295"/>
						<line hits="1" number="298"/>
						<line hits="1" number="301"/>
						<line hits="1" number="304"/>
						<line hits="1" number="332"/>
						<line hits="1" number="333"/>
						<line hits="1" number="335"/>
						<line hits="1" number="338"/>
						<line hits="1" number="341"/>
						<line hits="1" number="348"/>
						<line hits="1" number="352"/>
						<line hits="1" number="356"/>
						<line hits="1" number="365"/>
						<line hits="1" number="373"/>
						<line hits="1" number="374"/>
						<line hits="1" number="375"/>
						<line hits="1" number="377"/>
						<line hits="1" number="399"/>
						<line hits="1" number="411"/>
						<line hits="1" number="419"/>
						<line hits="1" number="420"/>
						<line hits="1" number="421"/>
						<line hits="1" number="422"/>
						<line hits="1" number="423"/>
						<line hits="1" number="424"/>
						<line hits="1" number="425"/>
						<line hits="1" number="426"/>
						<line hits="1" number="428"/>
						<line hits="1" number="430"/>
						<line hits="1" number="431"/>
						<line hits="1" number="432"/>
						<line hits="1" number="435"/>
						<line hits="1" number="438"/>
						<line hits="1" number="439"/>
						<line hits="1" number="440"/>
						<line hits="1" number="442"/>
						<line hits="1" number="445"/>
						<line hits="1" number="446"/>
						<line hits="1" number="448"/>
						<line hits="1" number="449"/>
						<line hits="1" number="451"/>
						<line hits="1" number="452"/>
						<line hits="1" number="453"/>
						<line hits="1" number="454"/>
						<line hits="1" number="456"/>
						<line hits="1" number="457"/>
						<line hits="1" number="458"/>
						<line hits="1" number="459"/>
						<line hits="1" number="460"/>
						<line hits="1" number="461"/>
						<line hits="1" number="462"/>
						<line hits="1" number="464"/>
						<line hits="1" number="465"/>
					</lines>
				</class>
			</classes>
		</package>
	</packages>
</coverage>
